<?xml version="1.0" encoding="UTF-8"?>
<!-- Generated by org.testng.reporters.JUnitXMLReporter -->
<testsuite ignored="0" hostname="DESKTOP-TICK5JA" failures="0" tests="7" name="Test" time="63.757" errors="0" timestamp="2024-03-31T21:41:40 EDT">
  <testcase classname="com.ws.base.DriverScript" name="initApplication" time="3.528"/>
  <testcase classname="com.ws.testcase.TestLoginPage" name="testLoginPageTitle" time="0.445"/>
  <testcase classname="com.ws.testcase.TestLoginPage" name="testLoginFunction" time="2.12"/>
  <testcase classname="com.ws.testcase.TestLoginPage" name="testForgotPasswordIsDisplayed" time="0.455"/>
  <testcase classname="com.ws.testcase.TestLoginPage" name="testIsPasswordRecoverypageDisplayed" time="0.86"/>
  <testcase classname="com.ws.testcase.TestLoginPage" name="testEnterActualEmail" time="1.406"/>
  <testcase classname="com.ws.testcase.TestLoginPage" name="testEnterWrongEmail" time="0.992"/>
</testsuite> <!-- Test -->
