<?xml version="1.0" encoding="UTF-8"?>
<!-- Generated by org.testng.reporters.JUnitXMLReporter -->
<testsuite ignored="0" hostname="DESKTOP-TICK5JA" failures="0" tests="7" name="Test" time="65.959" errors="0" timestamp="2024-03-24T23:43:33 EDT">
  <testcase classname="com.ws.base.DriverScript" name="initApplication" time="3.979"/>
  <testcase classname="com.ws.testcase.TestLoginPage" name="testLoginPageTitle" time="0.464"/>
  <testcase classname="com.ws.testcase.TestLoginPage" name="testLoginFunction" time="2.102"/>
  <testcase classname="com.ws.testcase.TestLoginPage" name="testForgotPasswordIsDisplayed" time="0.503"/>
  <testcase classname="com.ws.testcase.TestLoginPage" name="testIsPasswordRecoverypageDisplayed" time="0.943"/>
  <testcase classname="com.ws.testcase.TestLoginPage" name="testEnterActualEmail" time="1.42"/>
  <testcase classname="com.ws.testcase.TestLoginPage" name="testEnterWrongEmail" time="1.031"/>
</testsuite> <!-- Test -->
